<?xml version="1.0" encoding="UTF-8"?>
<testsuite name="nl.tudelft.jpacman.board.DirectionTest" tests="4" skipped="0" failures="0" errors="0" timestamp="2026-04-06T19:27:03" hostname="JOEY-LAPTOP" time="0.283">
  <properties/>
  <testcase name="[1] NORTH, 0, -1" classname="nl.tudelft.jpacman.board.DirectionTest" time="0.268"/>
  <testcase name="[2] EAST, 1, 0" classname="nl.tudelft.jpacman.board.DirectionTest" time="0.002"/>
  <testcase name="[3] SOUTH, 0, 1" classname="nl.tudelft.jpacman.board.DirectionTest" time="0.002"/>
  <testcase name="[4] WEST, -1, 0" classname="nl.tudelft.jpacman.board.DirectionTest" time="0.001"/>
  <system-out><![CDATA[]]></system-out>
  <system-err><![CDATA[]]></system-err>
</testsuite>
