<?xml version="1.0" encoding="UTF-8"?>
<testsuite name="nl.tudelft.jpacman.npc.ghost.NavigationTest" tests="8" skipped="0" failures="0" errors="0" timestamp="2026-04-05T05:46:49" hostname="JOEY-LAPTOP" time="0.091">
  <properties/>
  <testcase name="testSimplePath()" classname="nl.tudelft.jpacman.npc.ghost.NavigationTest" time="0.019"/>
  <testcase name="testNoTraveller()" classname="nl.tudelft.jpacman.npc.ghost.NavigationTest" time="0.007"/>
  <testcase name="testNoShortestPath()" classname="nl.tudelft.jpacman.npc.ghost.NavigationTest" time="0.006"/>
  <testcase name="testFullSizedLevel()" classname="nl.tudelft.jpacman.npc.ghost.NavigationTest" time="0.025"/>
  <testcase name="testShortestPathEmpty()" classname="nl.tudelft.jpacman.npc.ghost.NavigationTest" time="0.005"/>
  <testcase name="testNoNearestUnit()" classname="nl.tudelft.jpacman.npc.ghost.NavigationTest" time="0.005"/>
  <testcase name="testCornerPath()" classname="nl.tudelft.jpacman.npc.ghost.NavigationTest" time="0.011"/>
  <testcase name="testNearestUnit()" classname="nl.tudelft.jpacman.npc.ghost.NavigationTest" time="0.008"/>
  <system-out><![CDATA[]]></system-out>
  <system-err><![CDATA[]]></system-err>
</testsuite>
