<?xml version="1.0" encoding="UTF-8"?>
<testsuite name="nl.tudelft.jpacman.board.BoardFactoryTest" tests="5" skipped="0" failures="0" errors="0" timestamp="2026-04-05T06:20:57" hostname="JOEY-LAPTOP" time="0.743">
  <properties/>
  <testcase name="connectedEast()" classname="nl.tudelft.jpacman.board.BoardFactoryTest" time="0.719"/>
  <testcase name="connectedWest()" classname="nl.tudelft.jpacman.board.BoardFactoryTest" time="0.001"/>
  <testcase name="worldIsRound()" classname="nl.tudelft.jpacman.board.BoardFactoryTest" time="0.017"/>
  <testcase name="connectedNorth()" classname="nl.tudelft.jpacman.board.BoardFactoryTest" time="0.0"/>
  <testcase name="connectedSouth()" classname="nl.tudelft.jpacman.board.BoardFactoryTest" time="0.002"/>
  <system-out><![CDATA[]]></system-out>
  <system-err><![CDATA[]]></system-err>
</testsuite>
